Determining if the pthread_create exist failed with the following output:
Change Dir: /home/vishal/catkin_ws/src/apostile_robot/build/CMakeFiles/CMakeTmp

Run Build Command:"/usr/bin/ninja" "cmTC_fc268"
[1/2] Building C object CMakeFiles/cmTC_fc268.dir/CheckSymbolExists.c.o
[2/2] Linking C executable cmTC_fc268
FAILED: cmTC_fc268 
: && /usr/bin/cc   -rdynamic CMakeFiles/cmTC_fc268.dir/CheckSymbolExists.c.o  -o cmTC_fc268   && :
CMakeFiles/cmTC_fc268.dir/CheckSymbolExists.c.o: In function `main':
CheckSymbolExists.c:(.text+0x1b): undefined reference to `pthread_create'
collect2: error: ld returned 1 exit status
ninja: build stopped: subcommand failed.

File /home/vishal/catkin_ws/src/apostile_robot/build/CMakeFiles/CMakeTmp/CheckSymbolExists.c:
/* */
#include <pthread.h>

int main(int argc, char** argv)
{
  (void)argv;
#ifndef pthread_create
  return ((int*)(&pthread_create))[argc];
#else
  (void)argc;
  return 0;
#endif
}

Determining if the function pthread_create exists in the pthreads failed with the following output:
Change Dir: /home/vishal/catkin_ws/src/apostile_robot/build/CMakeFiles/CMakeTmp

Run Build Command:"/usr/bin/ninja" "cmTC_be7be"
[1/2] Building C object CMakeFiles/cmTC_be7be.dir/CheckFunctionExists.c.o
[2/2] Linking C executable cmTC_be7be
FAILED: cmTC_be7be 
: && /usr/bin/cc -DCHECK_FUNCTION_EXISTS=pthread_create  -rdynamic CMakeFiles/cmTC_be7be.dir/CheckFunctionExists.c.o  -o cmTC_be7be  -lpthreads && :
/usr/bin/ld: cannot find -lpthreads
collect2: error: ld returned 1 exit status
ninja: build stopped: subcommand failed.


